<?xml version="1.0" encoding="UTF-8"?>
<testsuite name="com.bridgelabz.MoodAnalyserTest" tests="2" skipped="0" failures="0" errors="0" timestamp="2021-08-02T05:00:02" hostname="DESKTOP-TK8JRTA" time="0.061">
  <properties/>
  <testcase name="testMoodanalysis()" classname="com.bridgelabz.MoodAnalyserTest" time="0.056"/>
  <testcase name="testtoMoodanalysis()" classname="com.bridgelabz.MoodAnalyserTest" time="0.002"/>
  <system-out><![CDATA[]]></system-out>
  <system-err><![CDATA[]]></system-err>
</testsuite>
